#! /opt/homebrew/Cellar/icarus-verilog/12.0/bin/vvp
:ivl_version "12.0 (stable)";
:ivl_delay_selection "TYPICAL";
:vpi_time_precision + 0;
:vpi_module "/opt/homebrew/Cellar/icarus-verilog/12.0/lib/ivl/system.vpi";
:vpi_module "/opt/homebrew/Cellar/icarus-verilog/12.0/lib/ivl/vhdl_sys.vpi";
:vpi_module "/opt/homebrew/Cellar/icarus-verilog/12.0/lib/ivl/vhdl_textio.vpi";
:vpi_module "/opt/homebrew/Cellar/icarus-verilog/12.0/lib/ivl/v2005_math.vpi";
:vpi_module "/opt/homebrew/Cellar/icarus-verilog/12.0/lib/ivl/va_math.vpi";
S_0x1417041c0 .scope module, "ander" "ander" 2 1;
 .timescale 0 0;
    .port_info 0 /INPUT 8 "in1";
    .port_info 1 /INPUT 8 "in2";
    .port_info 2 /OUTPUT 8 "out";
P_0x141704330 .param/l "SIZE" 0 2 1, +C4<00000000000000000000000000001000>;
o0x138008490 .functor BUFZ 8, C4<zzzzzzzz>; HiZ drive
v0x1417168f0_0 .net "in1", 7 0, o0x138008490;  0 drivers
o0x1380084c0 .functor BUFZ 8, C4<zzzzzzzz>; HiZ drive
v0x1417169b0_0 .net "in2", 7 0, o0x1380084c0;  0 drivers
v0x141716a60_0 .net "out", 7 0, L_0x141717e50;  1 drivers
L_0x141716b70 .part o0x138008490, 0, 1;
L_0x141716c30 .part o0x138008490, 0, 1;
L_0x141716e40 .part o0x138008490, 1, 1;
L_0x141716ee0 .part o0x138008490, 1, 1;
L_0x141717110 .part o0x138008490, 2, 1;
L_0x1417171e0 .part o0x138008490, 2, 1;
L_0x141717390 .part o0x138008490, 3, 1;
L_0x141717470 .part o0x138008490, 3, 1;
L_0x1417176a0 .part o0x138008490, 4, 1;
L_0x141717790 .part o0x138008490, 4, 1;
L_0x141717920 .part o0x138008490, 5, 1;
L_0x141717a20 .part o0x138008490, 5, 1;
L_0x141717bb0 .part o0x138008490, 6, 1;
L_0x141717cc0 .part o0x138008490, 6, 1;
LS_0x141717e50_0_0 .concat8 [ 1 1 1 1], L_0x141716d30, L_0x141717020, L_0x141717280, L_0x141717610;
LS_0x141717e50_0_4 .concat8 [ 1 1 1 1], L_0x141717830, L_0x141717ac0, L_0x141717d60, L_0x1417175a0;
L_0x141717e50 .concat8 [ 4 4 0 0], LS_0x141717e50_0_0, LS_0x141717e50_0_4;
L_0x141718180 .part o0x138008490, 7, 1;
L_0x141718220 .part o0x138008490, 7, 1;
S_0x1417044d0 .scope generate, "genblk1[0]" "genblk1[0]" 2 5, 2 5 0, S_0x1417041c0;
 .timescale 0 0;
P_0x141704640 .param/l "i" 1 2 5, +C4<00>;
L_0x141716d30 .functor AND 1, L_0x141716b70, L_0x141716c30, C4<1>, C4<1>;
v0x1417046d0_0 .net *"_ivl_0", 0 0, L_0x141716b70;  1 drivers
v0x141714760_0 .net *"_ivl_1", 0 0, L_0x141716c30;  1 drivers
v0x141714810_0 .net *"_ivl_2", 0 0, L_0x141716d30;  1 drivers
S_0x1417148d0 .scope generate, "genblk1[1]" "genblk1[1]" 2 5, 2 5 0, S_0x1417041c0;
 .timescale 0 0;
P_0x141714ab0 .param/l "i" 1 2 5, +C4<01>;
L_0x141717020 .functor AND 1, L_0x141716e40, L_0x141716ee0, C4<1>, C4<1>;
v0x141714b40_0 .net *"_ivl_0", 0 0, L_0x141716e40;  1 drivers
v0x141714bf0_0 .net *"_ivl_1", 0 0, L_0x141716ee0;  1 drivers
v0x141714ca0_0 .net *"_ivl_2", 0 0, L_0x141717020;  1 drivers
S_0x141714d60 .scope generate, "genblk1[2]" "genblk1[2]" 2 5, 2 5 0, S_0x1417041c0;
 .timescale 0 0;
P_0x141714f50 .param/l "i" 1 2 5, +C4<010>;
L_0x141717280 .functor AND 1, L_0x141717110, L_0x1417171e0, C4<1>, C4<1>;
v0x141714fe0_0 .net *"_ivl_0", 0 0, L_0x141717110;  1 drivers
v0x141715090_0 .net *"_ivl_1", 0 0, L_0x1417171e0;  1 drivers
v0x141715140_0 .net *"_ivl_2", 0 0, L_0x141717280;  1 drivers
S_0x141715200 .scope generate, "genblk1[3]" "genblk1[3]" 2 5, 2 5 0, S_0x1417041c0;
 .timescale 0 0;
P_0x1417153d0 .param/l "i" 1 2 5, +C4<011>;
L_0x141717610 .functor AND 1, L_0x141717390, L_0x141717470, C4<1>, C4<1>;
v0x141715470_0 .net *"_ivl_0", 0 0, L_0x141717390;  1 drivers
v0x141715520_0 .net *"_ivl_1", 0 0, L_0x141717470;  1 drivers
v0x1417155d0_0 .net *"_ivl_2", 0 0, L_0x141717610;  1 drivers
S_0x141715690 .scope generate, "genblk1[4]" "genblk1[4]" 2 5, 2 5 0, S_0x1417041c0;
 .timescale 0 0;
P_0x1417158a0 .param/l "i" 1 2 5, +C4<0100>;
L_0x141717830 .functor AND 1, L_0x1417176a0, L_0x141717790, C4<1>, C4<1>;
v0x141715940_0 .net *"_ivl_0", 0 0, L_0x1417176a0;  1 drivers
v0x1417159d0_0 .net *"_ivl_1", 0 0, L_0x141717790;  1 drivers
v0x141715a80_0 .net *"_ivl_2", 0 0, L_0x141717830;  1 drivers
S_0x141715b40 .scope generate, "genblk1[5]" "genblk1[5]" 2 5, 2 5 0, S_0x1417041c0;
 .timescale 0 0;
P_0x141715d10 .param/l "i" 1 2 5, +C4<0101>;
L_0x141717ac0 .functor AND 1, L_0x141717920, L_0x141717a20, C4<1>, C4<1>;
v0x141715db0_0 .net *"_ivl_0", 0 0, L_0x141717920;  1 drivers
v0x141715e60_0 .net *"_ivl_1", 0 0, L_0x141717a20;  1 drivers
v0x141715f10_0 .net *"_ivl_2", 0 0, L_0x141717ac0;  1 drivers
S_0x141715fd0 .scope generate, "genblk1[6]" "genblk1[6]" 2 5, 2 5 0, S_0x1417041c0;
 .timescale 0 0;
P_0x1417161a0 .param/l "i" 1 2 5, +C4<0110>;
L_0x141717d60 .functor AND 1, L_0x141717bb0, L_0x141717cc0, C4<1>, C4<1>;
v0x141716240_0 .net *"_ivl_0", 0 0, L_0x141717bb0;  1 drivers
v0x1417162f0_0 .net *"_ivl_1", 0 0, L_0x141717cc0;  1 drivers
v0x1417163a0_0 .net *"_ivl_2", 0 0, L_0x141717d60;  1 drivers
S_0x141716460 .scope generate, "genblk1[7]" "genblk1[7]" 2 5, 2 5 0, S_0x1417041c0;
 .timescale 0 0;
P_0x141716630 .param/l "i" 1 2 5, +C4<0111>;
L_0x1417175a0 .functor AND 1, L_0x141718180, L_0x141718220, C4<1>, C4<1>;
v0x1417166d0_0 .net *"_ivl_0", 0 0, L_0x141718180;  1 drivers
v0x141716780_0 .net *"_ivl_1", 0 0, L_0x141718220;  1 drivers
v0x141716830_0 .net *"_ivl_2", 0 0, L_0x1417175a0;  1 drivers
# The file index is used to find the file name in the following table.
:file_names 3;
    "N/A";
    "<interactive>";
    "and.v";
